#
# There is insufficient memory for the Java Runtime Environment to continue.
# Native memory allocation (mmap) failed to map 73924608 bytes for committing reserved memory.
# Possible reasons:
#   The system is out of physical RAM or swap space
#   In 32 bit mode, the process size limit was hit
# Possible solutions:
#   Reduce memory load on the system
#   Increase physical memory or swap space
#   Check if swap backing store is full
#   Use 64 bit Java on a 64 bit OS
#   Decrease Java heap size (-Xmx/-Xms)
#   Decrease number of Java threads
#   Decrease Java thread stack sizes (-Xss)
#   Set larger code cache with -XX:ReservedCodeCacheSize=
# This output file may be truncated or incomplete.
#
#  Out of Memory Error (os_linux.cpp:2627), pid=10795, tid=140138812217088
#
# JRE version: Java(TM) SE Runtime Environment (8.0_60-b27) (build 1.8.0_60-b27)
# Java VM: Java HotSpot(TM) 64-Bit Server VM (25.60-b23 mixed mode linux-amd64 compressed oops)
# Core dump written. Default location: /home/udoluweera/GIT/SpringBootTDDEx/MyProject/restbackendapi/core or core.10795
#

---------------  T H R E A D  ---------------

Current thread (0x00007f74ac13e800):  VMThread [stack: 0x00007f749c0f1000,0x00007f749c1f2000] [id=10804]

Stack: [0x00007f749c0f1000,0x00007f749c1f2000],  sp=0x00007f749c1eff80,  free space=1019k
Native frames: (J=compiled Java code, j=interpreted, Vv=VM code, C=native code)
V  [libjvm.so+0xab97ea]  VMError::report_and_die()+0x2ba
V  [libjvm.so+0x4f9dab]  report_vm_out_of_memory(char const*, int, unsigned long, VMErrorType, char const*)+0x8b
V  [libjvm.so+0x91a7c3]  os::Linux::commit_memory_impl(char*, unsigned long, bool)+0x103
V  [libjvm.so+0x91ad19]  os::pd_commit_memory(char*, unsigned long, unsigned long, bool)+0x29
V  [libjvm.so+0x91502a]  os::commit_memory(char*, unsigned long, unsigned long, bool)+0x2a
V  [libjvm.so+0x9886d3]  PSVirtualSpace::expand_by(unsigned long)+0x53
V  [libjvm.so+0x989ad8]  PSYoungGen::resize_generation(unsigned long, unsigned long)+0xf8
V  [libjvm.so+0x988c32]  PSYoungGen::resize(unsigned long, unsigned long)+0x22
V  [libjvm.so+0x985f0b]  PSScavenge::invoke_no_policy()+0xf3b
V  [libjvm.so+0x9811b5]  PSParallelCompact::invoke(bool)+0x85
V  [libjvm.so+0x480f94]  CollectedHeap::collect_as_vm_thread(GCCause::Cause)+0x114
V  [libjvm.so+0xabac61]  VM_CollectForMetadataAllocation::doit()+0x161
V  [libjvm.so+0xac2c35]  VM_Operation::evaluate()+0x55
V  [libjvm.so+0xac100a]  VMThread::evaluate_operation(VM_Operation*)+0xba
V  [libjvm.so+0xac138e]  VMThread::loop()+0x1ce
V  [libjvm.so+0xac1800]  VMThread::run()+0x70
V  [libjvm.so+0x91cb88]  java_start(Thread*)+0x108

VM_Operation (0x00007f74b4ca7d80): CollectForMetadataAllocation, mode: safepoint, requested by thread 0x00007f74ac00a000


---------------  P R O C E S S  ---------------

Java Threads: ( => current thread )
  0x00007f74acb86000 JavaThread "commons-pool-EvictionTimer" daemon [_thread_blocked, id=10883, stack(0x00007f74724ce000,0x00007f74725cf000)]
  0x00007f74ac199000 JavaThread "Service Thread" daemon [_thread_blocked, id=10811, stack(0x00007f7473cfd000,0x00007f7473dfe000)]
  0x00007f74ac184000 JavaThread "C1 CompilerThread2" daemon [_thread_blocked, id=10810, stack(0x00007f7473dfe000,0x00007f7473eff000)]
  0x00007f74ac182800 JavaThread "C2 CompilerThread1" daemon [_thread_blocked, id=10809, stack(0x00007f7473eff000,0x00007f7474000000)]
  0x00007f74ac17f800 JavaThread "C2 CompilerThread0" daemon [_thread_blocked, id=10808, stack(0x00007f748c064000,0x00007f748c165000)]
  0x00007f74ac17e000 JavaThread "Signal Dispatcher" daemon [_thread_blocked, id=10807, stack(0x00007f748c165000,0x00007f748c266000)]
  0x00007f74ac146000 JavaThread "Finalizer" daemon [_thread_blocked, id=10806, stack(0x00007f748c3fe000,0x00007f748c4ff000)]
  0x00007f74ac144000 JavaThread "Reference Handler" daemon [_thread_blocked, id=10805, stack(0x00007f748c4ff000,0x00007f748c600000)]
  0x00007f74ac00a000 JavaThread "main" [_thread_blocked, id=10799, stack(0x00007f74b4bac000,0x00007f74b4cad000)]

Other Threads:
=>0x00007f74ac13e800 VMThread [stack: 0x00007f749c0f1000,0x00007f749c1f2000] [id=10804]
  0x00007f74ac1a4000 WatcherThread [stack: 0x00007f7473bfc000,0x00007f7473cfd000] [id=10812]

VM state:at safepoint (normal execution)

VM Mutex/Monitor currently owned by a thread:  ([mutex/lock_event])
[0x00007f74ac006080] Threads_lock - owner thread: 0x00007f74ac13e800
[0x00007f74ac006580] Heap_lock - owner thread: 0x00007f74ac00a000

Heap:
 PSYoungGen      total 199680K, used 13793K [0x00000000d9580000, 0x00000000e6780000, 0x0000000100000000)
  eden space 185856K, 0% used [0x00000000d9580000,0x00000000d9580000,0x00000000e4b00000)
  from space 13824K, 99% used [0x00000000e4c80000,0x00000000e59f84a8,0x00000000e5a00000)
  to   space 12288K, 0% used [0x00000000e5b80000,0x00000000e5b80000,0x00000000e6780000)
 ParOldGen       total 59392K, used 14034K [0x000000008c000000, 0x000000008fa00000, 0x00000000d9580000)
  object space 59392K, 23% used [0x000000008c000000,0x000000008cdb48b0,0x000000008fa00000)
 Metaspace       used 34752K, capacity 35222K, committed 35456K, reserved 1079296K
  class space    used 4492K, capacity 4624K, committed 4736K, reserved 1048576K

Card table byte_map: [0x00007f74b1613000,0x00007f74b19b4000] byte_map_base: 0x00007f74b11b3000

Marking Bits: (ParMarkBitMap*) 0x00007f74b40c2de0
 Begin Bits: [0x00007f748c600000, 0x00007f748e300000)
 End Bits:   [0x00007f748e300000, 0x00007f7490000000)

Polling page: 0x00007f74b4ce2000

CodeCache: size=245760Kb used=13274Kb max_used=13708Kb free=232485Kb
 bounds [0x00007f749d000000, 0x00007f749dd70000, 0x00007f74ac000000]
 total_blobs=3887 nmethods=3484 adapters=316
 compilation: enabled

Compilation events (10 events):
Event: 19.238 Thread 0x00007f74ac184000 3903       3       java.util.regex.Pattern::<init> (90 bytes)
Event: 19.240 Thread 0x00007f74ac184000 nmethod 3903 0x00007f749d79d4d0 code [0x00007f749d79d6a0, 0x00007f749d79df18]
Event: 19.240 Thread 0x00007f74ac184000 3904       3       java.lang.reflect.Proxy$1::run (5 bytes)
Event: 19.241 Thread 0x00007f74ac184000 nmethod 3904 0x00007f749d50ef90 code [0x00007f749d50f140, 0x00007f749d50f5f8]
Event: 19.267 Thread 0x00007f74ac184000 3905       3       org.springframework.aop.support.AopUtils::canApply (185 bytes)
Event: 19.285 Thread 0x00007f74ac184000 nmethod 3905 0x00007f749d19db90 code [0x00007f749d19dee0, 0x00007f749d19f958]
Event: 19.441 Thread 0x00007f74ac184000 3906       3       org.springframework.asm.MethodVisitor::visitTryCatchBlock (20 bytes)
Event: 19.442 Thread 0x00007f74ac184000 nmethod 3906 0x00007f749d7ccd90 code [0x00007f749d7ccf00, 0x00007f749d7cd168]
Event: 19.442 Thread 0x00007f74ac184000 3907       3       org.springframework.cglib.core.CodeEmitter::athrow (11 bytes)
Event: 19.442 Thread 0x00007f74ac184000 nmethod 3907 0x00007f749dd49710 code [0x00007f749dd49880, 0x00007f749dd49aa8]

GC Heap History (10 events):
Event: 4.153 GC heap after
Heap after GC invocations=5 (full 0):
 PSYoungGen      total 65024K, used 4592K [0x00000000d9580000, 0x00000000e2380000, 0x0000000100000000)
  eden space 60416K, 0% used [0x00000000d9580000,0x00000000d9580000,0x00000000dd080000)
  from space 4608K, 99% used [0x00000000dd080000,0x00000000dd4fc030,0x00000000dd500000)
  to   space 12288K, 0% used [0x00000000e1780000,0x00000000e1780000,0x00000000e2380000)
 ParOldGen       total 79360K, used 12842K [0x000000008c000000, 0x0000000090d80000, 0x00000000d9580000)
  object space 79360K, 16% used [0x000000008c000000,0x000000008cc8a908,0x0000000090d80000)
 Metaspace       used 19416K, capacity 19690K, committed 19968K, reserved 1067008K
  class space    used 2451K, capacity 2503K, committed 2560K, reserved 1048576K
}
Event: 4.467 GC heap before
{Heap before GC invocations=6 (full 0):
 PSYoungGen      total 65024K, used 24610K [0x00000000d9580000, 0x00000000e2380000, 0x0000000100000000)
  eden space 60416K, 33% used [0x00000000d9580000,0x00000000da90c948,0x00000000dd080000)
  from space 4608K, 99% used [0x00000000dd080000,0x00000000dd4fc030,0x00000000dd500000)
  to   space 12288K, 0% used [0x00000000e1780000,0x00000000e1780000,0x00000000e2380000)
 ParOldGen       total 79360K, used 12842K [0x000000008c000000, 0x0000000090d80000, 0x00000000d9580000)
  object space 79360K, 16% used [0x000000008c000000,0x000000008cc8a908,0x0000000090d80000)
 Metaspace       used 20823K, capacity 21140K, committed 21296K, reserved 1069056K
  class space    used 2608K, capacity 2665K, committed 2688K, reserved 1048576K
Event: 4.495 GC heap after
Heap after GC invocations=6 (full 0):
 PSYoungGen      total 131072K, used 6406K [0x00000000d9580000, 0x00000000e2180000, 0x0000000100000000)
  eden space 120832K, 0% used [0x00000000d9580000,0x00000000d9580000,0x00000000e0b80000)
  from space 10240K, 62% used [0x00000000e1780000,0x00000000e1dc1858,0x00000000e2180000)
  to   space 11264K, 0% used [0x00000000e0b80000,0x00000000e0b80000,0x00000000e1680000)
 ParOldGen       total 79360K, used 12850K [0x000000008c000000, 0x0000000090d80000, 0x00000000d9580000)
  object space 79360K, 16% used [0x000000008c000000,0x000000008cc8c908,0x0000000090d80000)
 Metaspace       used 20823K, capacity 21140K, committed 21296K, reserved 1069056K
  class space    used 2608K, capacity 2665K, committed 2688K, reserved 1048576K
}
Event: 4.495 GC heap before
{Heap before GC invocations=7 (full 1):
 PSYoungGen      total 131072K, used 6406K [0x00000000d9580000, 0x00000000e2180000, 0x0000000100000000)
  eden space 120832K, 0% used [0x00000000d9580000,0x00000000d9580000,0x00000000e0b80000)
  from space 10240K, 62% used [0x00000000e1780000,0x00000000e1dc1858,0x00000000e2180000)
  to   space 11264K, 0% used [0x00000000e0b80000,0x00000000e0b80000,0x00000000e1680000)
 ParOldGen       total 79360K, used 12850K [0x000000008c000000, 0x0000000090d80000, 0x00000000d9580000)
  object space 79360K, 16% used [0x000000008c000000,0x000000008cc8c908,0x0000000090d80000)
 Metaspace       used 20823K, capacity 21140K, committed 21296K, reserved 1069056K
  class space    used 2608K, capacity 2665K, committed 2688K, reserved 1048576K
Event: 4.611 GC heap after
Heap after GC invocations=7 (full 1):
 PSYoungGen      total 131072K, used 0K [0x00000000d9580000, 0x00000000e2180000, 0x0000000100000000)
  eden space 120832K, 0% used [0x00000000d9580000,0x00000000d9580000,0x00000000e0b80000)
  from space 10240K, 0% used [0x00000000e1780000,0x00000000e1780000,0x00000000e2180000)
  to   space 11264K, 0% used [0x00000000e0b80000,0x00000000e0b80000,0x00000000e1680000)
 ParOldGen       total 59392K, used 10584K [0x000000008c000000, 0x000000008fa00000, 0x00000000d9580000)
  object space 59392K, 17% used [0x000000008c000000,0x000000008ca561b8,0x000000008fa00000)
 Metaspace       used 20823K, capacity 21140K, committed 21296K, reserved 1069056K
  class space    used 2608K, capacity 2665K, committed 2688K, reserved 1048576K
}
Event: 9.063 GC heap before
{Heap before GC invocations=8 (full 1):
 PSYoungGen      total 131072K, used 120832K [0x00000000d9580000, 0x00000000e2180000, 0x0000000100000000)
  eden space 120832K, 100% used [0x00000000d9580000,0x00000000e0b80000,0x00000000e0b80000)
  from space 10240K, 0% used [0x00000000e1780000,0x00000000e1780000,0x00000000e2180000)
  to   space 11264K, 0% used [0x00000000e0b80000,0x00000000e0b80000,0x00000000e1680000)
 ParOldGen       total 59392K, used 10584K [0x000000008c000000, 0x000000008fa00000, 0x00000000d9580000)
  object space 59392K, 17% used [0x000000008c000000,0x000000008ca561b8,0x000000008fa00000)
 Metaspace       used 27016K, capacity 27478K, committed 27648K, reserved 1073152K
  class space    used 3440K, capacity 3540K, committed 3584K, reserved 1048576K
Event: 9.100 GC heap after
Heap after GC invocations=8 (full 1):
 PSYoungGen      total 132096K, used 9965K [0x00000000d9580000, 0x00000000e6780000, 0x0000000100000000)
  eden space 120832K, 0% used [0x00000000d9580000,0x00000000d9580000,0x00000000e0b80000)
  from space 11264K, 88% used [0x00000000e0b80000,0x00000000e153b500,0x00000000e1680000)
  to   space 12288K, 0% used [0x00000000e5b80000,0x00000000e5b80000,0x00000000e6780000)
 ParOldGen       total 59392K, used 10592K [0x000000008c000000, 0x000000008fa00000, 0x00000000d9580000)
  object space 59392K, 17% used [0x000000008c000000,0x000000008ca581b8,0x000000008fa00000)
 Metaspace       used 27016K, capacity 27478K, committed 27648K, reserved 1073152K
  class space    used 3440K, capacity 3540K, committed 3584K, reserved 1048576K
}
Event: 13.411 GC heap before
{Heap before GC invocations=9 (full 1):
 PSYoungGen      total 132096K, used 130797K [0x00000000d9580000, 0x00000000e6780000, 0x0000000100000000)
  eden space 120832K, 100% used [0x00000000d9580000,0x00000000e0b80000,0x00000000e0b80000)
  from space 11264K, 88% used [0x00000000e0b80000,0x00000000e153b500,0x00000000e1680000)
  to   space 12288K, 0% used [0x00000000e5b80000,0x00000000e5b80000,0x00000000e6780000)
 ParOldGen       total 59392K, used 10592K [0x000000008c000000, 0x000000008fa00000, 0x00000000d9580000)
  object space 59392K, 17% used [0x000000008c000000,0x000000008ca581b8,0x000000008fa00000)
 Metaspace       used 30710K, capacity 31164K, committed 31488K, reserved 1077248K
  class space    used 3954K, capacity 4069K, committed 4096K, reserved 1048576K
Event: 13.479 GC heap after
Heap after GC invocations=9 (full 1):
 PSYoungGen      total 198144K, used 11992K [0x00000000d9580000, 0x00000000e6780000, 0x0000000100000000)
  eden space 185856K, 0% used [0x00000000d9580000,0x00000000d9580000,0x00000000e4b00000)
  from space 12288K, 97% used [0x00000000e5b80000,0x00000000e6736078,0x00000000e6780000)
  to   space 13824K, 0% used [0x00000000e4c80000,0x00000000e4c80000,0x00000000e5a00000)
 ParOldGen       total 59392K, used 10600K [0x000000008c000000, 0x000000008fa00000, 0x00000000d9580000)
  object space 59392K, 17% used [0x000000008c000000,0x000000008ca5a1b8,0x000000008fa00000)
 Metaspace       used 30710K, capacity 31164K, committed 31488K, reserved 1077248K
  class space    used 3954K, capacity 4069K, committed 4096K, reserved 1048576K
}
Event: 19.495 GC heap before
{Heap before GC invocations=10 (full 1):
 PSYoungGen      total 198144K, used 166282K [0x00000000d9580000, 0x00000000e6780000, 0x0000000100000000)
  eden space 185856K, 83% used [0x00000000d9580000,0x00000000e2c2c888,0x00000000e4b00000)
  from space 12288K, 97% used [0x00000000e5b80000,0x00000000e6736078,0x00000000e6780000)
  to   space 13824K, 0% used [0x00000000e4c80000,0x00000000e4c80000,0x00000000e5a00000)
 ParOldGen       total 59392K, used 10600K [0x000000008c000000, 0x000000008fa00000, 0x00000000d9580000)
  object space 59392K, 17% used [0x000000008c000000,0x000000008ca5a1b8,0x000000008fa00000)
 Metaspace       used 34752K, capacity 35222K, committed 35456K, reserved 1079296K
  class space    used 4492K, capacity 4624K, committed 4736K, reserved 1048576K

Deoptimization events (10 events):
Event: 18.299 Thread 0x00007f74ac00a000 Uncommon trap: reason=class_check action=maybe_recompile pc=0x00007f749d75023c method=java.util.regex.Pattern$7.isSatisfiedBy(I)Z @ 16
Event: 18.301 Thread 0x00007f74ac00a000 Uncommon trap: reason=class_check action=maybe_recompile pc=0x00007f749d75023c method=java.util.regex.Pattern$7.isSatisfiedBy(I)Z @ 16
Event: 18.301 Thread 0x00007f74ac00a000 Uncommon trap: reason=class_check action=maybe_recompile pc=0x00007f749d750250 method=java.util.regex.Pattern$CharProperty$1.isSatisfiedBy(I)Z @ 5
Event: 18.301 Thread 0x00007f74ac00a000 Uncommon trap: reason=class_check action=maybe_recompile pc=0x00007f749d75023c method=java.util.regex.Pattern$7.isSatisfiedBy(I)Z @ 16
Event: 18.301 Thread 0x00007f74ac00a000 Uncommon trap: reason=class_check action=maybe_recompile pc=0x00007f749d75023c method=java.util.regex.Pattern$7.isSatisfiedBy(I)Z @ 16
Event: 18.301 Thread 0x00007f74ac00a000 Uncommon trap: reason=class_check action=maybe_recompile pc=0x00007f749d7566d0 method=java.util.regex.Pattern$CharProperty$1.isSatisfiedBy(I)Z @ 5
Event: 18.301 Thread 0x00007f74ac00a000 Uncommon trap: reason=class_check action=maybe_recompile pc=0x00007f749d7566d0 method=java.util.regex.Pattern$CharProperty$1.isSatisfiedBy(I)Z @ 5
Event: 18.301 Thread 0x00007f74ac00a000 Uncommon trap: reason=class_check action=maybe_recompile pc=0x00007f749d7566d0 method=java.util.regex.Pattern$CharProperty$1.isSatisfiedBy(I)Z @ 5
Event: 18.462 Thread 0x00007f74ac00a000 Uncommon trap: reason=unstable_if action=reinterpret pc=0x00007f749d4b9ec0 method=java.util.concurrent.ConcurrentHashMap.get(Ljava/lang/Object;)Ljava/lang/Object; @ 76
Event: 18.467 Thread 0x00007f74ac00a000 Uncommon trap: reason=bimorphic action=maybe_recompile pc=0x00007f749d7b3020 method=java.util.concurrent.ConcurrentHashMap.putVal(Ljava/lang/Object;Ljava/lang/Object;Z)Ljava/lang/Object; @ 192

Internal exceptions (10 events):
Event: 19.401 Thread 0x00007f74ac00a000 Exception <a 'java/lang/ClassNotFoundException': org/springframework/boot/autoconfigure/web/AbstractErrorControllerCustomizer> (0x00000000e2994318) thrown at [/HUDSON/workspace/8-2-build-linux-amd64/jdk8u60/4407/hotspot/src/share/vm/classfile/systemDictio
Event: 19.402 Thread 0x00007f74ac00a000 Exception <a 'java/lang/ClassNotFoundException': org/springframework/boot/autoconfigure/web/BasicErrorControllerCustomizer> (0x00000000e29af4c0) thrown at [/HUDSON/workspace/8-2-build-linux-amd64/jdk8u60/4407/hotspot/src/share/vm/classfile/systemDictionar
Event: 19.404 Thread 0x00007f74ac00a000 Exception <a 'java/lang/ClassNotFoundException': org/springframework/boot/autoconfigure/web/ErrorControllerCustomizer> (0x00000000e29ce920) thrown at [/HUDSON/workspace/8-2-build-linux-amd64/jdk8u60/4407/hotspot/src/share/vm/classfile/systemDictionary.cpp
Event: 19.411 Thread 0x00007f74ac00a000 Exception <a 'java/lang/ClassNotFoundException': java/lang/ObjectCustomizer> (0x00000000e29e6488) thrown at [/HUDSON/workspace/8-2-build-linux-amd64/jdk8u60/4407/hotspot/src/share/vm/classfile/systemDictionary.cpp, line 210]
Event: 19.412 Thread 0x00007f74ac00a000 Exception <a 'java/lang/ClassNotFoundException': org/springframework/web/method/support/CompositeUriComponentsContributorCustomizer> (0x00000000e2a05d80) thrown at [/HUDSON/workspace/8-2-build-linux-amd64/jdk8u60/4407/hotspot/src/share/vm/classfile/system
Event: 19.414 Thread 0x00007f74ac00a000 Exception <a 'java/lang/ClassNotFoundException': org/springframework/web/method/support/UriComponentsContributorCustomizer> (0x00000000e2a28768) thrown at [/HUDSON/workspace/8-2-build-linux-amd64/jdk8u60/4407/hotspot/src/share/vm/classfile/systemDictionar
Event: 19.428 Thread 0x00007f74ac00a000 Exception <a 'java/lang/ClassNotFoundException': java/lang/ObjectCustomizer> (0x00000000e2a570e8) thrown at [/HUDSON/workspace/8-2-build-linux-amd64/jdk8u60/4407/hotspot/src/share/vm/classfile/systemDictionary.cpp, line 210]
Event: 19.429 Thread 0x00007f74ac00a000 Exception <a 'java/lang/ClassNotFoundException': org/springframework/boot/actuate/autoconfigure/AuditAutoConfigurationCustomizer> (0x00000000e2a763e0) thrown at [/HUDSON/workspace/8-2-build-linux-amd64/jdk8u60/4407/hotspot/src/share/vm/classfile/systemDic
Event: 19.430 Thread 0x00007f74ac00a000 Exception <a 'java/lang/ClassNotFoundException': org/springframework/boot/actuate/autoconfigure/AuditAutoConfiguration$$EnhancerBySpringCGLIB$$6cd4ca8cCustomizer> (0x00000000e2a9d058) thrown at [/HUDSON/workspace/8-2-build-linux-amd64/jdk8u60/4407/hotspot
Event: 19.438 Thread 0x00007f74ac00a000 Exception <a 'java/lang/ClassNotFoundException': org/springframework/context/annotation/ConfigurationClassEnhancer$EnhancedConfigurationCustomizer> (0x00000000e2ac6778) thrown at [/HUDSON/workspace/8-2-build-linux-amd64/jdk8u60/4407/hotspot/src/share/vm/c

Events (10 events):
Event: 19.429 loading class org/springframework/boot/actuate/autoconfigure/AuditAutoConfiguration$$EnhancerBySpringCGLIB$$6cd4ca8cCustomizer done
Event: 19.430 loading class org/springframework/boot/actuate/autoconfigure/AuditAutoConfiguration$$EnhancerBySpringCGLIB$$6cd4ca8cCustomizer
Event: 19.430 loading class org/springframework/boot/actuate/autoconfigure/AuditAutoConfiguration$$EnhancerBySpringCGLIB$$6cd4ca8cCustomizer done
Event: 19.437 loading class org/springframework/context/annotation/ConfigurationClassEnhancer$EnhancedConfigurationCustomizer
Event: 19.438 loading class org/springframework/context/annotation/ConfigurationClassEnhancer$EnhancedConfigurationCustomizer done
Event: 19.438 loading class org/springframework/context/annotation/ConfigurationClassEnhancer$EnhancedConfigurationCustomizer
Event: 19.438 loading class org/springframework/context/annotation/ConfigurationClassEnhancer$EnhancedConfigurationCustomizer done
Event: 19.438 loading class org/springframework/context/annotation/ConfigurationClassEnhancer$EnhancedConfigurationCustomizer
Event: 19.438 loading class org/springframework/context/annotation/ConfigurationClassEnhancer$EnhancedConfigurationCustomizer done
Event: 19.473 Executing VM operation: CollectForMetadataAllocation


Dynamic libraries:
00400000-00401000 r-xp 00000000 08:02 1458445                            /usr/lib/jvm/java-8-jdk/jre/bin/java
00600000-00601000 rw-p 00000000 08:02 1458445                            /usr/lib/jvm/java-8-jdk/jre/bin/java
0165b000-0167c000 rw-p 00000000 00:00 0                                  [heap]
8c000000-8fa00000 rw-p 00000000 00:00 0 
8fa00000-d9580000 ---p 00000000 00:00 0 
d9580000-e6780000 rw-p 00000000 00:00 0 
eae00000-100000000 ---p 00000000 00:00 0 
100000000-1004a0000 rw-p 00000000 00:00 0 
1004a0000-140000000 ---p 00000000 00:00 0 
7f7454000000-7f7454030000 rw-p 00000000 00:00 0 
7f7454030000-7f7458000000 ---p 00000000 00:00 0 
7f745c000000-7f745c021000 rw-p 00000000 00:00 0 
7f745c021000-7f7460000000 ---p 00000000 00:00 0 
7f7460000000-7f746033e000 rw-p 00000000 00:00 0 
7f746033e000-7f7464000000 ---p 00000000 00:00 0 
7f7464000000-7f7465486000 rw-p 00000000 00:00 0 
7f7465486000-7f7468000000 ---p 00000000 00:00 0 
7f7468000000-7f7468021000 rw-p 00000000 00:00 0 
7f7468021000-7f746c000000 ---p 00000000 00:00 0 
7f746c000000-7f746dd07000 rw-p 00000000 00:00 0 
7f746dd07000-7f7470000000 ---p 00000000 00:00 0 
7f74713fe000-7f74715fe000 rw-p 00000000 00:00 0 
7f74715fe000-7f74717fe000 rw-p 00000000 00:00 0 
7f74717fe000-7f74719fe000 rw-p 00000000 00:00 0 
7f74719fe000-7f7471bfe000 rw-p 00000000 00:00 0 
7f7471c54000-7f7471e54000 rw-p 00000000 00:00 0 
7f7471e54000-7f7472054000 rw-p 00000000 00:00 0 
7f7472227000-7f74722bd000 r--s 01107000 08:02 1588895                    /usr/lib/jvm/java-8-jdk/jre/lib/ext/jfxrt.jar
7f74722bd000-7f74722ce000 r-xp 00000000 08:02 1716304                    /usr/lib/jvm/java-8-jdk/jre/lib/amd64/libnio.so
7f74722ce000-7f74724cd000 ---p 00011000 08:02 1716304                    /usr/lib/jvm/java-8-jdk/jre/lib/amd64/libnio.so
7f74724cd000-7f74724ce000 rw-p 00010000 08:02 1716304                    /usr/lib/jvm/java-8-jdk/jre/lib/amd64/libnio.so
7f74724ce000-7f74724d1000 ---p 00000000 00:00 0 
7f74724d1000-7f74727cf000 rw-p 00000000 00:00 0 
7f74727cf000-7f74729cf000 rw-p 00000000 00:00 0 
7f74729cf000-7f7472bcf000 rw-p 00000000 00:00 0 
7f7472bcf000-7f7472bd2000 ---p 00000000 00:00 0 
7f7472bd2000-7f7472ed0000 rw-p 00000000 00:00 0 
7f7472ed0000-7f7472ed5000 r-xp 00000000 08:02 1051882                    /usr/lib/libnss_dns-2.24.so
7f7472ed5000-7f74730d4000 ---p 00005000 08:02 1051882                    /usr/lib/libnss_dns-2.24.so
7f74730d4000-7f74730d5000 r--p 00004000 08:02 1051882                    /usr/lib/libnss_dns-2.24.so
7f74730d5000-7f74730d6000 rw-p 00005000 08:02 1051882                    /usr/lib/libnss_dns-2.24.so
7f74730d6000-7f7473117000 r-xp 00000000 08:02 1096582                    /usr/lib/libnss_resolve.so.2
7f7473117000-7f747311a000 r--p 00040000 08:02 1096582                    /usr/lib/libnss_resolve.so.2
7f747311a000-7f747311b000 rw-p 00043000 08:02 1096582                    /usr/lib/libnss_resolve.so.2
7f747311b000-7f747311c000 rw-p 00000000 00:00 0 
7f747311c000-7f7473120000 r-xp 00000000 08:02 1055038                    /usr/lib/libcap.so.2.25
7f7473120000-7f747331f000 ---p 00004000 08:02 1055038                    /usr/lib/libcap.so.2.25
7f747331f000-7f7473320000 rw-p 00003000 08:02 1055038                    /usr/lib/libcap.so.2.25
7f7473320000-7f7473334000 r-xp 00000000 08:02 1051893                    /usr/lib/libresolv-2.24.so
7f7473334000-7f7473533000 ---p 00014000 08:02 1051893                    /usr/lib/libresolv-2.24.so
7f7473533000-7f7473534000 r--p 00013000 08:02 1051893                    /usr/lib/libresolv-2.24.so
7f7473534000-7f7473535000 rw-p 00014000 08:02 1051893                    /usr/lib/libresolv-2.24.so
7f7473535000-7f7473537000 rw-p 00000000 00:00 0 
7f7473537000-7f7473578000 r-xp 00000000 08:02 1096576                    /usr/lib/libnss_mymachines.so.2
7f7473578000-7f747357b000 r--p 00040000 08:02 1096576                    /usr/lib/libnss_mymachines.so.2
7f747357b000-7f747357c000 rw-p 00043000 08:02 1096576                    /usr/lib/libnss_mymachines.so.2
7f747357c000-7f747357d000 rw-p 00000000 00:00 0 
7f74735b1000-7f74735c7000 r-xp 00000000 08:02 1716327                    /usr/lib/jvm/java-8-jdk/jre/lib/amd64/libnet.so
7f74735c7000-7f74737c7000 ---p 00016000 08:02 1716327                    /usr/lib/jvm/java-8-jdk/jre/lib/amd64/libnet.so
7f74737c7000-7f74737c8000 rw-p 00016000 08:02 1716327                    /usr/lib/jvm/java-8-jdk/jre/lib/amd64/libnet.so
7f74737c8000-7f74737d0000 r-xp 00000000 08:02 1716341                    /usr/lib/jvm/java-8-jdk/jre/lib/amd64/libmanagement.so
7f74737d0000-7f74739d0000 ---p 00008000 08:02 1716341                    /usr/lib/jvm/java-8-jdk/jre/lib/amd64/libmanagement.so
7f74739d0000-7f74739d1000 rw-p 00008000 08:02 1716341                    /usr/lib/jvm/java-8-jdk/jre/lib/amd64/libmanagement.so
7f74739d1000-7f7473bd1000 rw-p 00000000 00:00 0 
7f7473bd1000-7f7473bfc000 r--s 001fc000 08:03 18614735                   /home/udoluweera/.m2/repository/com/google/guava/guava/18.0/guava-18.0.jar
7f7473bfc000-7f7473bfd000 ---p 00000000 00:00 0 
7f7473bfd000-7f7473cfd000 rw-p 00000000 00:00 0 
7f7473cfd000-7f7473d00000 ---p 00000000 00:00 0 
7f7473d00000-7f7473dfe000 rw-p 00000000 00:00 0 
7f7473dfe000-7f7473e01000 ---p 00000000 00:00 0 
7f7473e01000-7f7473eff000 rw-p 00000000 00:00 0 
7f7473eff000-7f7473f02000 ---p 00000000 00:00 0 
7f7473f02000-7f7474000000 rw-p 00000000 00:00 0 
7f7474000000-7f7474021000 rw-p 00000000 00:00 0 
7f7474021000-7f7478000000 ---p 00000000 00:00 0 
7f7478000000-7f7479eac000 rw-p 00000000 00:00 0 
7f7479eac000-7f747c000000 ---p 00000000 00:00 0 
7f747c000000-7f747c021000 rw-p 00000000 00:00 0 
7f747c021000-7f7480000000 ---p 00000000 00:00 0 
7f7480000000-7f7480021000 rw-p 00000000 00:00 0 
7f7480021000-7f7484000000 ---p 00000000 00:00 0 
7f7484000000-7f748428c000 rw-p 00000000 00:00 0 
7f748428c000-7f7488000000 ---p 00000000 00:00 0 
7f7488000000-7f7488021000 rw-p 00000000 00:00 0 
7f7488021000-7f748c000000 ---p 00000000 00:00 0 
7f748c00a000-7f748c010000 r--s 002f8000 08:02 1458424                    /usr/lib/jvm/java-8-jdk/jre/lib/charsets.jar
7f748c010000-7f748c012000 r--s 0000f000 08:03 20189829                   /home/udoluweera/.m2/repository/org/apache/maven/surefire/surefire-junit4/2.18.1/surefire-junit4-2.18.1.jar
7f748c012000-7f748c015000 r--s 0004a000 08:03 25432124                   /home/udoluweera/.m2/repository/io/springfox/springfox-swagger-ui/2.4.0/springfox-swagger-ui-2.4.0.jar
7f748c015000-7f748c017000 r--s 00000000 08:03 25956790                   /home/udoluweera/.m2/repository/org/springframework/plugin/spring-plugin-metadata/1.2.0.RELEASE/spring-plugin-metadata-1.2.0.RELEASE.jar
7f748c017000-7f748c019000 r--s 00009000 08:03 21498052                   /home/udoluweera/.m2/repository/org/slf4j/slf4j-api/1.7.24/slf4j-api-1.7.24.jar
7f748c019000-7f748c01b000 r--s 0000e000 08:03 19401267                   /home/udoluweera/.m2/repository/com/fasterxml/classmate/1.3.3/classmate-1.3.3.jar
7f748c01b000-7f748c020000 r--s 0001f000 08:03 26350670                   /home/udoluweera/.m2/repository/io/springfox/springfox-spring-web/2.4.0/springfox-spring-web-2.4.0.jar
7f748c020000-7f748c023000 r--s 00012000 08:03 26350669                   /home/udoluweera/.m2/repository/io/springfox/springfox-swagger-common/2.4.0/springfox-swagger-common-2.4.0.jar
7f748c023000-7f748c025000 r--s 0000f000 08:03 26350668                   /home/udoluweera/.m2/repository/io/springfox/springfox-schema/2.4.0/springfox-schema-2.4.0.jar
7f748c025000-7f748c029000 r--s 00013000 08:03 25825421                   /home/udoluweera/.m2/repository/io/springfox/springfox-core/2.4.0/springfox-core-2.4.0.jar
7f748c029000-7f748c02c000 r--s 00009000 08:03 25825423                   /home/udoluweera/.m2/repository/io/springfox/springfox-spi/2.4.0/springfox-spi-2.4.0.jar
7f748c02c000-7f748c030000 r--s 0001e000 08:03 25825422                   /home/udoluweera/.m2/repository/io/swagger/swagger-models/1.5.6/swagger-models-1.5.6.jar
7f748c030000-7f748c031000 r--s 00003000 08:03 25825424                   /home/udoluweera/.m2/repository/io/swagger/swagger-annotations/1.5.6/swagger-annotations-1.5.6.jar
7f748c031000-7f748c048000 r--s 000fb000 08:03 21498072                   /home/udoluweera/.m2/repository/org/springframework/spring-core/4.3.7.RELEASE/spring-core-4.3.7.RELEASE.jar
7f748c048000-7f748c064000 r--s 00103000 08:03 17957363                   /home/udoluweera/.m2/repository/org/mockito/mockito-core/1.10.19/mockito-core-1.10.19.jar
7f748c064000-7f748c067000 ---p 00000000 00:00 0 
7f748c067000-7f748c165000 rw-p 00000000 00:00 0 
7f748c165000-7f748c168000 ---p 00000000 00:00 0 
7f748c168000-7f748c266000 rw-p 00000000 00:00 0 
7f748c266000-7f748c3fe000 r--p 00000000 08:02 1094854                    /usr/lib/locale/locale-archive
7f748c3fe000-7f748c401000 ---p 00000000 00:00 0 
7f748c401000-7f748c4ff000 rw-p 00000000 00:00 0 
7f748c4ff000-7f748c502000 ---p 00000000 00:00 0 
7f748c502000-7f7490000000 rw-p 00000000 00:00 0 
7f7490000000-7f7490021000 rw-p 00000000 00:00 0 
7f7490021000-7f7494000000 ---p 00000000 00:00 0 
7f7494000000-7f7494021000 rw-p 00000000 00:00 0 
7f7494021000-7f7498000000 ---p 00000000 00:00 0 
7f7498000000-7f7498021000 rw-p 00000000 00:00 0 
7f7498021000-7f749c000000 ---p 00000000 00:00 0 
7f749c000000-7f749c003000 r--s 0000c000 08:03 25825420                   /home/udoluweera/.m2/repository/io/springfox/springfox-swagger2/2.4.0/springfox-swagger2-2.4.0.jar
7f749c003000-7f749c012000 r--s 00084000 08:03 18222201                   /home/udoluweera/.m2/repository/org/springframework/spring-test/4.3.7.RELEASE/spring-test-4.3.7.RELEASE.jar
7f749c012000-7f749c013000 r--s 00004000 08:03 19270159                   /home/udoluweera/.m2/repository/com/vaadin/external/google/android-json/0.0.20131108.vaadin1/android-json-0.0.20131108.vaadin1.jar
7f749c013000-7f749c015000 r--s 00006000 08:03 18091708                   /home/udoluweera/.m2/repository/org/skyscreamer/jsonassert/1.4.0/jsonassert-1.4.0.jar
7f749c015000-7f749c016000 r--s 0000c000 08:03 17957370                   /home/udoluweera/.m2/repository/org/hamcrest/hamcrest-library/1.3/hamcrest-library-1.3.jar
7f749c016000-7f749c018000 r--s 00009000 08:03 17957367                   /home/udoluweera/.m2/repository/org/hamcrest/hamcrest-core/1.3/hamcrest-core-1.3.jar
7f749c018000-7f749c01a000 r--s 00009000 08:03 17957365                   /home/udoluweera/.m2/repository/org/objenesis/objenesis/2.1/objenesis-2.1.jar
7f749c01a000-7f749c02e000 r--s 000dc000 08:03 17698027                   /home/udoluweera/.m2/repository/org/assertj/assertj-core/2.6.0/assertj-core-2.6.0.jar
7f749c02e000-7f749c036000 r--s 00045000 08:03 17957362                   /home/udoluweera/.m2/repository/junit/junit/4.12/junit-4.12.jar
7f749c036000-7f749c037000 r--s 0000c000 08:03 18757458                   /home/udoluweera/.m2/repository/org/ow2/asm/asm/5.0.3/asm-5.0.3.jar
7f749c037000-7f749c039000 r--s 00012000 08:03 17304162                   /home/udoluweera/.m2/repository/net/minidev/accessors-smart/1.1/accessors-smart-1.1.jar
7f749c039000-7f749c03c000 r--s 0001b000 08:03 17304159                   /home/udoluweera/.m2/repository/net/minidev/json-smart/2.2.1/json-smart-2.2.1.jar
7f749c03c000-7f749c041000 r--s 0002e000 08:03 18091573                   /home/udoluweera/.m2/repository/com/jayway/jsonpath/json-path/2.2.0/json-path-2.2.0.jar
7f749c041000-7f749c046000 r--s 00019000 08:03 17567441                   /home/udoluweera/.m2/repository/org/springframework/boot/spring-boot-test-autoconfigure/1.5.2.RELEASE/spring-boot-test-autoconfigure-1.5.2.RELEASE.jar
7f749c046000-7f749c04a000 r--s 0001f000 08:03 17305180                   /home/udoluweera/.m2/repository/org/springframework/boot/spring-boot-test/1.5.2.RELEASE/spring-boot-test-1.5.2.RELEASE.jar
7f749c04a000-7f749c04b000 r--s 00000000 08:03 17963604                   /home/udoluweera/.m2/repository/org/springframework/boot/spring-boot-starter-test/1.5.2.RELEASE/spring-boot-starter-test-1.5.2.RELEASE.jar
7f749c04b000-7f749c050000 r--s 0003c000 08:03 21498034                   /home/udoluweera/.m2/repository/org/springframework/spring-expression/4.3.7.RELEASE/spring-expression-4.3.7.RELEASE.jar
7f749c050000-7f749c061000 r--s 000cf000 08:03 19661512                   /home/udoluweera/.m2/repository/org/springframework/spring-webmvc/4.3.7.RELEASE/spring-webmvc-4.3.7.RELEASE.jar
7f749c061000-7f749c072000 r--s 000b7000 08:03 19401897                   /home/udoluweera/.m2/repository/org/springframework/spring-web/4.3.7.RELEASE/spring-web-4.3.7.RELEASE.jar
7f749c072000-7f749c075000 r--s 00042000 08:03 21498031                   /home/udoluweera/.m2/repository/com/fasterxml/jackson/core/jackson-core/2.8.7/jackson-core-2.8.7.jar
7f749c075000-7f749c078000 r--s 0000b000 08:03 19401826                   /home/udoluweera/.m2/repository/com/fasterxml/jackson/core/jackson-annotations/2.8.0/jackson-annotations-2.8.0.jar
7f749c078000-7f749c08a000 r--s 0011d000 08:03 21498028                   /home/udoluweera/.m2/repository/com/fasterxml/jackson/core/jackson-databind/2.8.7/jackson-databind-2.8.7.jar
7f749c08a000-7f749c08c000 r--s 0000f000 08:03 19532041                   /home/udoluweera/.m2/repository/org/jboss/logging/jboss-logging/3.3.0.Final/jboss-logging-3.3.0.Final.jar
7f749c08c000-7f749c090000 r--s 0000c000 08:03 17957349                   /home/udoluweera/.m2/repository/javax/validation/validation-api/1.1.0.Final/validation-api-1.1.0.Final.jar
7f749c090000-7f749c0a1000 r--s 000a1000 08:03 21498065                   /home/udoluweera/.m2/repository/org/hibernate/hibernate-validator/5.3.4.Final/hibernate-validator-5.3.4.Final.jar
7f749c0a1000-7f749c0a6000 r--s 00036000 08:03 18353691                   /home/udoluweera/.m2/repository/org/apache/tomcat/embed/tomcat-embed-websocket/8.5.11/tomcat-embed-websocket-8.5.11.jar
7f749c0a6000-7f749c0ab000 r--s 00036000 08:03 18220799                   /home/udoluweera/.m2/repository/org/apache/tomcat/embed/tomcat-embed-el/8.5.11/tomcat-embed-el-8.5.11.jar
7f749c0ab000-7f749c0d4000 r--s 002b8000 08:03 18091572                   /home/udoluweera/.m2/repository/org/apache/tomcat/embed/tomcat-embed-core/8.5.11/tomcat-embed-core-8.5.11.jar
7f749c0d4000-7f749c0d5000 r--s 00000000 08:03 21498064                   /home/udoluweera/.m2/repository/org/springframework/boot/spring-boot-starter-tomcat/1.5.2.RELEASE/spring-boot-starter-tomcat-1.5.2.RELEASE.jar
7f749c0d5000-7f749c0d6000 r--s 00000000 08:03 21498061                   /home/udoluweera/.m2/repository/org/springframework/boot/spring-boot-starter-web/1.5.2.RELEASE/spring-boot-starter-web-1.5.2.RELEASE.jar
7f749c0d6000-7f749c0d7000 r--s 00004000 08:03 25824885                   /home/udoluweera/.m2/repository/org/springframework/plugin/spring-plugin-core/1.2.0.RELEASE/spring-plugin-core-1.2.0.RELEASE.jar
7f749c0d7000-7f749c0e5000 r--s 000ad000 08:03 21498068                   /home/udoluweera/.m2/repository/org/springframework/spring-beans/4.3.7.RELEASE/spring-beans-4.3.7.RELEASE.jar
7f749c0e5000-7f749c0f1000 r--s 0007c000 08:03 21498056                   /home/udoluweera/.m2/repository/redis/clients/jedis/2.9.0/jedis-2.9.0.jar
7f749c0f1000-7f749c0f2000 ---p 00000000 00:00 0 
7f749c0f2000-7f749d000000 rw-p 00000000 00:00 0 
7f749d000000-7f749dd70000 rwxp 00000000 00:00 0 
7f749dd70000-7f74ac000000 ---p 00000000 00:00 0 
7f74ac000000-7f74ad277000 rw-p 00000000 00:00 0 
7f74ad277000-7f74b0000000 ---p 00000000 00:00 0 
7f74b0000000-7f74b0005000 r--s 0002d000 08:03 18485051                   /home/udoluweera/.m2/repository/org/springframework/hateoas/spring-hateoas/0.23.0.RELEASE/spring-hateoas-0.23.0.RELEASE.jar
7f74b0005000-7f74b0008000 r--s 00019000 08:03 21891204                   /home/udoluweera/.m2/repository/org/apache/commons/commons-pool2/2.4.2/commons-pool2-2.4.2.jar
7f74b0008000-7f74b000a000 r--s 00003000 08:03 21498055                   /home/udoluweera/.m2/repository/org/slf4j/jcl-over-slf4j/1.7.24/jcl-over-slf4j-1.7.24.jar
7f74b000a000-7f74b000f000 r--s 00029000 08:03 21498050                   /home/udoluweera/.m2/repository/org/springframework/spring-context-support/4.3.7.RELEASE/spring-context-support-4.3.7.RELEASE.jar
7f74b000f000-7f74b0018000 r--s 00054000 08:03 21498048                   /home/udoluweera/.m2/repository/org/springframework/spring-aop/4.3.7.RELEASE/spring-aop-4.3.7.RELEASE.jar
7f74b0018000-7f74b001a000 r--s 00013000 08:03 21498047                   /home/udoluweera/.m2/repository/org/springframework/spring-oxm/4.3.7.RELEASE/spring-oxm-4.3.7.RELEASE.jar
7f74b001a000-7f74b0022000 r--s 0003a000 08:03 21498044                   /home/udoluweera/.m2/repository/org/springframework/spring-tx/4.3.7.RELEASE/spring-tx-4.3.7.RELEASE.jar
7f74b0022000-7f74b0034000 r--s 000a9000 08:03 21498043                   /home/udoluweera/.m2/repository/org/springframework/data/spring-data-commons/1.13.1.RELEASE/spring-data-commons-1.13.1.RELEASE.jar
7f74b0034000-7f74b0038000 r--s 00016000 08:03 21498040                   /home/udoluweera/.m2/repository/org/springframework/data/spring-data-keyvalue/1.2.1.RELEASE/spring-data-keyvalue-1.2.1.RELEASE.jar
7f74b0038000-7f74b0053000 r--s 00110000 08:03 21498039                   /home/udoluweera/.m2/repository/org/springframework/data/spring-data-redis/1.8.1.RELEASE/spring-data-redis-1.8.1.RELEASE.jar
7f74b0053000-7f74b006d000 r--s 000fd000 08:03 21498032                   /home/udoluweera/.m2/repository/org/springframework/spring-context/4.3.7.RELEASE/spring-context-4.3.7.RELEASE.jar
7f74b006d000-7f74b007d000 r--s 00077000 08:03 21498026                   /home/udoluweera/.m2/repository/org/springframework/boot/spring-boot-actuator/1.5.2.RELEASE/spring-boot-actuator-1.5.2.RELEASE.jar
7f74b007d000-7f74b0083000 r--s 0003d000 08:03 19793793                   /home/udoluweera/.m2/repository/org/yaml/snakeyaml/1.17/snakeyaml-1.17.jar
7f74b0083000-7f74b008e000 r--s 0006a000 08:03 21498022                   /home/udoluweera/.m2/repository/ch/qos/logback/logback-core/1.1.11/logback-core-1.1.11.jar
7f74b008e000-7f74b0095000 r--s 00045000 08:03 21498020                   /home/udoluweera/.m2/repository/ch/qos/logback/logback-classic/1.1.11/logback-classic-1.1.11.jar
7f74b0095000-7f74b00b5000 r--s 000e0000 08:03 21498014                   /home/udoluweera/.m2/repository/org/springframework/boot/spring-boot-autoconfigure/1.5.2.RELEASE/spring-boot-autoconfigure-1.5.2.RELEASE.jar
7f74b00b5000-7f74b01b6000 rw-p 00000000 00:00 0 
7f74b01b6000-7f74b038e000 r--s 03d17000 08:02 1458419                    /usr/lib/jvm/java-8-jdk/jre/lib/rt.jar
7f74b038e000-7f74b0fa4000 rw-p 00000000 00:00 0 
7f74b0fa4000-7f74b0fa5000 ---p 00000000 00:00 0 
7f74b0fa5000-7f74b10a5000 rw-p 00000000 00:00 0 
7f74b10a5000-7f74b10a6000 ---p 00000000 00:00 0 
7f74b10a6000-7f74b11a6000 rw-p 00000000 00:00 0 
7f74b11a6000-7f74b11a7000 ---p 00000000 00:00 0 
7f74b11a7000-7f74b12a7000 rw-p 00000000 00:00 0 
7f74b12a7000-7f74b12a8000 ---p 00000000 00:00 0 
7f74b12a8000-7f74b13c5000 rw-p 00000000 00:00 0 
7f74b13c5000-7f74b1613000 ---p 00000000 00:00 0 
7f74b1613000-7f74b1630000 rw-p 00000000 00:00 0 
7f74b1630000-7f74b187d000 ---p 00000000 00:00 0 
7f74b187d000-7f74b18e7000 rw-p 00000000 00:00 0 
7f74b18e7000-7f74b19b3000 ---p 00000000 00:00 0 
7f74b19b3000-7f74b19ea000 rw-p 00000000 00:00 0 
7f74b19ea000-7f74b1d74000 ---p 00000000 00:00 0 
7f74b1d74000-7f74b1d8e000 r-xp 00000000 08:02 1716332                    /usr/lib/jvm/java-8-jdk/jre/lib/amd64/libzip.so
7f74b1d8e000-7f74b1f8e000 ---p 0001a000 08:02 1716332                    /usr/lib/jvm/java-8-jdk/jre/lib/amd64/libzip.so
7f74b1f8e000-7f74b1f8f000 rw-p 0001a000 08:02 1716332                    /usr/lib/jvm/java-8-jdk/jre/lib/amd64/libzip.so
7f74b1f8f000-7f74b1f99000 r-xp 00000000 08:02 1051883                    /usr/lib/libnss_files-2.24.so
7f74b1f99000-7f74b2199000 ---p 0000a000 08:02 1051883                    /usr/lib/libnss_files-2.24.so
7f74b2199000-7f74b219a000 r--p 0000a000 08:02 1051883                    /usr/lib/libnss_files-2.24.so
7f74b219a000-7f74b219b000 rw-p 0000b000 08:02 1051883                    /usr/lib/libnss_files-2.24.so
7f74b219b000-7f74b21a1000 rw-p 00000000 00:00 0 
7f74b21a1000-7f74b21ac000 r-xp 00000000 08:02 1051885                    /usr/lib/libnss_nis-2.24.so
7f74b21ac000-7f74b23ab000 ---p 0000b000 08:02 1051885                    /usr/lib/libnss_nis-2.24.so
7f74b23ab000-7f74b23ac000 r--p 0000a000 08:02 1051885                    /usr/lib/libnss_nis-2.24.so
7f74b23ac000-7f74b23ad000 rw-p 0000b000 08:02 1051885                    /usr/lib/libnss_nis-2.24.so
7f74b23ad000-7f74b23c1000 r-xp 00000000 08:02 1051890                    /usr/lib/libnsl-2.24.so
7f74b23c1000-7f74b25c1000 ---p 00014000 08:02 1051890                    /usr/lib/libnsl-2.24.so
7f74b25c1000-7f74b25c2000 r--p 00014000 08:02 1051890                    /usr/lib/libnsl-2.24.so
7f74b25c2000-7f74b25c3000 rw-p 00015000 08:02 1051890                    /usr/lib/libnsl-2.24.so
7f74b25c3000-7f74b25c5000 rw-p 00000000 00:00 0 
7f74b25c5000-7f74b25cc000 r-xp 00000000 08:02 1051880                    /usr/lib/libnss_compat-2.24.so
7f74b25cc000-7f74b27cb000 ---p 00007000 08:02 1051880                    /usr/lib/libnss_compat-2.24.so
7f74b27cb000-7f74b27cc000 r--p 00006000 08:02 1051880                    /usr/lib/libnss_compat-2.24.so
7f74b27cc000-7f74b27cd000 rw-p 00007000 08:02 1051880                    /usr/lib/libnss_compat-2.24.so
7f74b27cd000-7f74b27f7000 r-xp 00000000 08:02 1716353                    /usr/lib/jvm/java-8-jdk/jre/lib/amd64/libjava.so
7f74b27f7000-7f74b29f7000 ---p 0002a000 08:02 1716353                    /usr/lib/jvm/java-8-jdk/jre/lib/amd64/libjava.so
7f74b29f7000-7f74b29f9000 rw-p 0002a000 08:02 1716353                    /usr/lib/jvm/java-8-jdk/jre/lib/amd64/libjava.so
7f74b29f9000-7f74b2a06000 r-xp 00000000 08:02 1716338                    /usr/lib/jvm/java-8-jdk/jre/lib/amd64/libverify.so
7f74b2a06000-7f74b2c06000 ---p 0000d000 08:02 1716338                    /usr/lib/jvm/java-8-jdk/jre/lib/amd64/libverify.so
7f74b2c06000-7f74b2c08000 rw-p 0000d000 08:02 1716338                    /usr/lib/jvm/java-8-jdk/jre/lib/amd64/libverify.so
7f74b2c08000-7f74b2c0f000 r-xp 00000000 08:02 1051894                    /usr/lib/librt-2.24.so
7f74b2c0f000-7f74b2e0e000 ---p 00007000 08:02 1051894                    /usr/lib/librt-2.24.so
7f74b2e0e000-7f74b2e0f000 r--p 00006000 08:02 1051894                    /usr/lib/librt-2.24.so
7f74b2e0f000-7f74b2e10000 rw-p 00007000 08:02 1051894                    /usr/lib/librt-2.24.so
7f74b2e10000-7f74b2f13000 r-xp 00000000 08:02 1051889                    /usr/lib/libm-2.24.so
7f74b2f13000-7f74b3112000 ---p 00103000 08:02 1051889                    /usr/lib/libm-2.24.so
7f74b3112000-7f74b3113000 r--p 00102000 08:02 1051889                    /usr/lib/libm-2.24.so
7f74b3113000-7f74b3114000 rw-p 00103000 08:02 1051889                    /usr/lib/libm-2.24.so
7f74b3114000-7f74b3dd2000 r-xp 00000000 08:02 1716364                    /usr/lib/jvm/java-8-jdk/jre/lib/amd64/server/libjvm.so
7f74b3dd2000-7f74b3fd1000 ---p 00cbe000 08:02 1716364                    /usr/lib/jvm/java-8-jdk/jre/lib/amd64/server/libjvm.so
7f74b3fd1000-7f74b40a9000 rw-p 00cbd000 08:02 1716364                    /usr/lib/jvm/java-8-jdk/jre/lib/amd64/server/libjvm.so
7f74b40a9000-7f74b40ee000 rw-p 00000000 00:00 0 
7f74b40ee000-7f74b4283000 r-xp 00000000 08:02 1051792                    /usr/lib/libc-2.24.so
7f74b4283000-7f74b4482000 ---p 00195000 08:02 1051792                    /usr/lib/libc-2.24.so
7f74b4482000-7f74b4486000 r--p 00194000 08:02 1051792                    /usr/lib/libc-2.24.so
7f74b4486000-7f74b4488000 rw-p 00198000 08:02 1051792                    /usr/lib/libc-2.24.so
7f74b4488000-7f74b448c000 rw-p 00000000 00:00 0 
7f74b448c000-7f74b448e000 r-xp 00000000 08:02 1051887                    /usr/lib/libdl-2.24.so
7f74b448e000-7f74b468e000 ---p 00002000 08:02 1051887                    /usr/lib/libdl-2.24.so
7f74b468e000-7f74b468f000 r--p 00002000 08:02 1051887                    /usr/lib/libdl-2.24.so
7f74b468f000-7f74b4690000 rw-p 00003000 08:02 1051887                    /usr/lib/libdl-2.24.so
7f74b4690000-7f74b46a5000 r-xp 00000000 08:02 1716363                    /usr/lib/jvm/java-8-jdk/jre/lib/amd64/jli/libjli.so
7f74b46a5000-7f74b48a5000 ---p 00015000 08:02 1716363                    /usr/lib/jvm/java-8-jdk/jre/lib/amd64/jli/libjli.so
7f74b48a5000-7f74b48a6000 rw-p 00015000 08:02 1716363                    /usr/lib/jvm/java-8-jdk/jre/lib/amd64/jli/libjli.so
7f74b48a6000-7f74b48be000 r-xp 00000000 08:02 1051763                    /usr/lib/libpthread-2.24.so
7f74b48be000-7f74b4abd000 ---p 00018000 08:02 1051763                    /usr/lib/libpthread-2.24.so
7f74b4abd000-7f74b4abe000 r--p 00017000 08:02 1051763                    /usr/lib/libpthread-2.24.so
7f74b4abe000-7f74b4abf000 rw-p 00018000 08:02 1051763                    /usr/lib/libpthread-2.24.so
7f74b4abf000-7f74b4ac3000 rw-p 00000000 00:00 0 
7f74b4ac3000-7f74b4ae6000 r-xp 00000000 08:02 1051791                    /usr/lib/ld-2.24.so
7f74b4ae6000-7f74b4ae7000 r--s 00000000 08:03 21498060                   /home/udoluweera/.m2/repository/org/springframework/boot/spring-boot-starter-hateoas/1.5.2.RELEASE/spring-boot-starter-hateoas-1.5.2.RELEASE.jar
7f74b4ae7000-7f74b4ae8000 r--s 00000000 08:03 21498036                   /home/udoluweera/.m2/repository/org/springframework/boot/spring-boot-starter-data-redis/1.5.2.RELEASE/spring-boot-starter-data-redis-1.5.2.RELEASE.jar
7f74b4ae8000-7f74b4aea000 r--s 00004000 08:03 21498024                   /home/udoluweera/.m2/repository/org/slf4j/log4j-over-slf4j/1.7.24/log4j-over-slf4j-1.7.24.jar
7f74b4aea000-7f74b4aec000 r--s 00000000 08:03 21498021                   /home/udoluweera/.m2/repository/org/slf4j/jul-to-slf4j/1.7.24/jul-to-slf4j-1.7.24.jar
7f74b4aec000-7f74b4aed000 r--s 00000000 08:03 21498016                   /home/udoluweera/.m2/repository/org/springframework/boot/spring-boot-starter-logging/1.5.2.RELEASE/spring-boot-starter-logging-1.5.2.RELEASE.jar
7f74b4aed000-7f74b4afd000 r--s 00094000 08:03 21498017                   /home/udoluweera/.m2/repository/org/springframework/boot/spring-boot/1.5.2.RELEASE/spring-boot-1.5.2.RELEASE.jar
7f74b4afd000-7f74b4b02000 r--s 00020000 08:03 19139075                   /home/udoluweera/.m2/repository/org/apache/maven/surefire/surefire-api/2.18.1/surefire-api-2.18.1.jar
7f74b4b02000-7f74b4bac000 rw-p 00000000 00:00 0 
7f74b4bac000-7f74b4baf000 ---p 00000000 00:00 0 
7f74b4baf000-7f74b4caf000 rw-p 00000000 00:00 0 
7f74b4caf000-7f74b4cb0000 r--s 00000000 08:03 21498015                   /home/udoluweera/.m2/repository/org/springframework/boot/spring-boot-starter/1.5.2.RELEASE/spring-boot-starter-1.5.2.RELEASE.jar
7f74b4cb0000-7f74b4cb1000 r--s 00000000 08:03 21498012                   /home/udoluweera/.m2/repository/org/springframework/boot/spring-boot-starter-actuator/1.5.2.RELEASE/spring-boot-starter-actuator-1.5.2.RELEASE.jar
7f74b4cb1000-7f74b4cb3000 r--s 00008000 08:03 19139074                   /home/udoluweera/.m2/repository/org/apache/maven/surefire/surefire-booter/2.18.1/surefire-booter-2.18.1.jar
7f74b4cb3000-7f74b4cb4000 r--s 00002000 08:03 21498289                   /home/udoluweera/GIT/SpringBootTDDEx/MyProject/restbackendapi/target/surefire/surefirebooter580438590588920583.jar
7f74b4cb4000-7f74b4cd9000 rw-p 00000000 00:00 0 
7f74b4cd9000-7f74b4ce1000 rw-s 00000000 00:24 1086871                    /tmp/hsperfdata_udoluweera/10795
7f74b4ce1000-7f74b4ce2000 rw-p 00000000 00:00 0 
7f74b4ce2000-7f74b4ce3000 ---p 00000000 00:00 0 
7f74b4ce3000-7f74b4ce5000 rw-p 00000000 00:00 0 
7f74b4ce5000-7f74b4ce6000 r--p 00022000 08:02 1051791                    /usr/lib/ld-2.24.so
7f74b4ce6000-7f74b4ce7000 rw-p 00023000 08:02 1051791                    /usr/lib/ld-2.24.so
7f74b4ce7000-7f74b4ce8000 rw-p 00000000 00:00 0 
7ffcdfe34000-7ffcdfe55000 rw-p 00000000 00:00 0                          [stack]
7ffcdff9d000-7ffcdff9f000 r--p 00000000 00:00 0                          [vvar]
7ffcdff9f000-7ffcdffa1000 r-xp 00000000 00:00 0                          [vdso]
ffffffffff600000-ffffffffff601000 r-xp 00000000 00:00 0                  [vsyscall]

VM Arguments:
java_command: /home/udoluweera/GIT/SpringBootTDDEx/MyProject/restbackendapi/target/surefire/surefirebooter580438590588920583.jar /home/udoluweera/GIT/SpringBootTDDEx/MyProject/restbackendapi/target/surefire/surefire403507378736326446tmp /home/udoluweera/GIT/SpringBootTDDEx/MyProject/restbackendapi/target/surefire/surefire_01513735712776472502tmp
java_class_path (initial): /home/udoluweera/GIT/SpringBootTDDEx/MyProject/restbackendapi/target/surefire/surefirebooter580438590588920583.jar
Launcher Type: SUN_STANDARD

Environment Variables:
JAVA_HOME=/usr/lib/jvm/default/
PATH=/usr/local/sbin:/usr/local/bin:/usr/bin:/usr/lib/jvm/default/bin:/usr/bin/site_perl:/usr/bin/vendor_perl:/usr/bin/core_perl:/home/udoluweera/Applications/SpringBoot/spring-1.2.7.RELEASE/bin:/home/udoluweera/Frameworks/Scala/scala-2.11.8/bin:~/.gem/ruby/2.3.0/bin/:/home/udoluweera/Applications/SpringBoot/spring-1.2.7.RELEASE/bin:/home/udoluweera/Frameworks/Scala/scala-2.11.8/bin:~/.gem/ruby/2.3.0/bin/
LD_LIBRARY_PATH=/opt/google/chrome:/opt/google/chrome/lib
SHELL=/bin/bash
DISPLAY=:0

Signal Handlers:
SIGSEGV: [libjvm.so+0xaba070], sa_mask[0]=11111111011111111101111111111110, sa_flags=SA_RESTART|SA_SIGINFO
SIGBUS: [libjvm.so+0xaba070], sa_mask[0]=11111111011111111101111111111110, sa_flags=SA_RESTART|SA_SIGINFO
SIGFPE: [libjvm.so+0x917630], sa_mask[0]=11111111011111111101111111111110, sa_flags=SA_RESTART|SA_SIGINFO
SIGPIPE: [libjvm.so+0x917630], sa_mask[0]=11111111011111111101111111111110, sa_flags=SA_RESTART|SA_SIGINFO
SIGXFSZ: [libjvm.so+0x917630], sa_mask[0]=11111111011111111101111111111110, sa_flags=SA_RESTART|SA_SIGINFO
SIGILL: [libjvm.so+0x917630], sa_mask[0]=11111111011111111101111111111110, sa_flags=SA_RESTART|SA_SIGINFO
SIGUSR1: SIG_DFL, sa_mask[0]=00000000000000000000000000000000, sa_flags=none
SIGUSR2: [libjvm.so+0x918c60], sa_mask[0]=00100000000000000000000000000000, sa_flags=SA_RESTART|SA_SIGINFO
SIGHUP: [libjvm.so+0x91a060], sa_mask[0]=11111111011111111101111111111110, sa_flags=SA_RESTART|SA_SIGINFO
SIGINT: [libjvm.so+0x91a060], sa_mask[0]=11111111011111111101111111111110, sa_flags=SA_RESTART|SA_SIGINFO
SIGTERM: [libjvm.so+0x91a060], sa_mask[0]=11111111011111111101111111111110, sa_flags=SA_RESTART|SA_SIGINFO
SIGQUIT: [libjvm.so+0x91a060], sa_mask[0]=11111111011111111101111111111110, sa_flags=SA_RESTART|SA_SIGINFO


---------------  S Y S T E M  ---------------

OS:NAME="Arch Linux"
PRETTY_NAME="Arch Linux"
ID=arch
ID_LIKE=archlinux
ANSI_COLOR="0;36"
HOME_URL="https://www.archlinux.org/"
SUPPORT_URL="https://bbs.archlinux.org/"
BUG_REPORT_URL="https://bugs.archlinux.org/"


uname:Linux 4.9.11-1-ARCH #1 SMP PREEMPT Sun Feb 19 13:45:52 UTC 2017 x86_64
libc:glibc 2.24 NPTL 2.24 
rlimit: STACK 8192k, CORE infinity, NPROC 29303, NOFILE 4096, AS infinity
load average:3.26 2.04 1.54

/proc/meminfo:
MemTotal:        7597308 kB
MemFree:          120076 kB
MemAvailable:      18568 kB
Buffers:             788 kB
Cached:           931868 kB
SwapCached:            0 kB
Active:          6299372 kB
Inactive:         912312 kB
Active(anon):    6289560 kB
Inactive(anon):   900336 kB
Active(file):       9812 kB
Inactive(file):    11976 kB
Unevictable:           0 kB
Mlocked:               0 kB
SwapTotal:             0 kB
SwapFree:              0 kB
Dirty:               196 kB
Writeback:             4 kB
AnonPages:       6279272 kB
Mapped:           644228 kB
Shmem:            910632 kB
Slab:              93568 kB
SReclaimable:      45052 kB
SUnreclaim:        48516 kB
KernelStack:       12464 kB
PageTables:        67092 kB
NFS_Unstable:          0 kB
Bounce:                0 kB
WritebackTmp:          0 kB
CommitLimit:     3798652 kB
Committed_AS:   13961300 kB
VmallocTotal:   34359738367 kB
VmallocUsed:           0 kB
VmallocChunk:          0 kB
HardwareCorrupted:     0 kB
AnonHugePages:   1972224 kB
ShmemHugePages:        0 kB
ShmemPmdMapped:        0 kB
HugePages_Total:       0
HugePages_Free:        0
HugePages_Rsvd:        0
HugePages_Surp:        0
Hugepagesize:       2048 kB
DirectMap4k:      291928 kB
DirectMap2M:     7505920 kB
DirectMap1G:     1048576 kB


CPU:total 4 (2 cores per cpu, 2 threads per core) family 6 model 61 stepping 4, cmov, cx8, fxsr, mmx, sse, sse2, sse3, ssse3, sse4.1, sse4.2, popcnt, avx, avx2, aes, clmul, erms, 3dnowpref, lzcnt, ht, tsc, tscinvbit, bmi1, bmi2, adx

/proc/cpuinfo:
processor	: 0
vendor_id	: GenuineIntel
cpu family	: 6
model		: 61
model name	: Intel(R) Processor 5Y10 CPU @ 0.80GHz
stepping	: 4
microcode	: 0x24
cpu MHz		: 799.987
cache size	: 4096 KB
physical id	: 0
siblings	: 4
core id		: 0
cpu cores	: 2
apicid		: 0
initial apicid	: 0
fpu		: yes
fpu_exception	: yes
cpuid level	: 20
wp		: yes
flags		: fpu vme de pse tsc msr pae mce cx8 apic sep mtrr pge mca cmov pat pse36 clflush dts acpi mmx fxsr sse sse2 ss ht tm pbe syscall nx pdpe1gb rdtscp lm constant_tsc arch_perfmon pebs bts rep_good nopl xtopology nonstop_tsc aperfmperf eagerfpu pni pclmulqdq dtes64 monitor ds_cpl vmx est tm2 ssse3 sdbg fma cx16 xtpr pdcm pcid sse4_1 sse4_2 x2apic movbe popcnt tsc_deadline_timer aes xsave avx f16c rdrand lahf_lm abm 3dnowprefetch epb intel_pt tpr_shadow vnmi flexpriority ept vpid fsgsbase tsc_adjust bmi1 avx2 smep bmi2 erms invpcid rdseed adx smap xsaveopt dtherm ida arat pln pts
bugs		:
bogomips	: 1996.58
clflush size	: 64
cache_alignment	: 64
address sizes	: 39 bits physical, 48 bits virtual
power management:

processor	: 1
vendor_id	: GenuineIntel
cpu family	: 6
model		: 61
model name	: Intel(R) Processor 5Y10 CPU @ 0.80GHz
stepping	: 4
microcode	: 0x24
cpu MHz		: 799.987
cache size	: 4096 KB
physical id	: 0
siblings	: 4
core id		: 1
cpu cores	: 2
apicid		: 2
initial apicid	: 2
fpu		: yes
fpu_exception	: yes
cpuid level	: 20
wp		: yes
flags		: fpu vme de pse tsc msr pae mce cx8 apic sep mtrr pge mca cmov pat pse36 clflush dts acpi mmx fxsr sse sse2 ss ht tm pbe syscall nx pdpe1gb rdtscp lm constant_tsc arch_perfmon pebs bts rep_good nopl xtopology nonstop_tsc aperfmperf eagerfpu pni pclmulqdq dtes64 monitor ds_cpl vmx est tm2 ssse3 sdbg fma cx16 xtpr pdcm pcid sse4_1 sse4_2 x2apic movbe popcnt tsc_deadline_timer aes xsave avx f16c rdrand lahf_lm abm 3dnowprefetch epb intel_pt tpr_shadow vnmi flexpriority ept vpid fsgsbase tsc_adjust bmi1 avx2 smep bmi2 erms invpcid rdseed adx smap xsaveopt dtherm ida arat pln pts
bugs		:
bogomips	: 1996.32
clflush size	: 64
cache_alignment	: 64
address sizes	: 39 bits physical, 48 bits virtual
power management:

processor	: 2
vendor_id	: GenuineIntel
cpu family	: 6
model		: 61
model name	: Intel(R) Processor 5Y10 CPU @ 0.80GHz
stepping	: 4
microcode	: 0x24
cpu MHz		: 799.987
cache size	: 4096 KB
physical id	: 0
siblings	: 4
core id		: 0
cpu cores	: 2
apicid		: 1
initial apicid	: 1
fpu		: yes
fpu_exception	: yes
cpuid level	: 20
wp		: yes
flags		: fpu vme de pse tsc msr pae mce cx8 apic sep mtrr pge mca cmov pat pse36 clflush dts acpi mmx fxsr sse sse2 ss ht tm pbe syscall nx pdpe1gb rdtscp lm constant_tsc arch_perfmon pebs bts rep_good nopl xtopology nonstop_tsc aperfmperf eagerfpu pni pclmulqdq dtes64 monitor ds_cpl vmx est tm2 ssse3 sdbg fma cx16 xtpr pdcm pcid sse4_1 sse4_2 x2apic movbe popcnt tsc_deadline_timer aes xsave avx f16c rdrand lahf_lm abm 3dnowprefetch epb intel_pt tpr_shadow vnmi flexpriority ept vpid fsgsbase tsc_adjust bmi1 avx2 smep bmi2 erms invpcid rdseed adx smap xsaveopt dtherm ida arat pln pts
bugs		:
bogomips	: 1997.66
clflush size	: 64
cache_alignment	: 64
address sizes	: 39 bits physical, 48 bits virtual
power management:

processor	: 3
vendor_id	: GenuineIntel
cpu family	: 6
model		: 61
model name	: Intel(R) Processor 5Y10 CPU @ 0.80GHz
stepping	: 4
microcode	: 0x24
cpu MHz		: 799.987
cache size	: 4096 KB
physical id	: 0
siblings	: 4
core id		: 1
cpu cores	: 2
apicid		: 3
initial apicid	: 3
fpu		: yes
fpu_exception	: yes
cpuid level	: 20
wp		: yes
flags		: fpu vme de pse tsc msr pae mce cx8 apic sep mtrr pge mca cmov pat pse36 clflush dts acpi mmx fxsr sse sse2 ss ht tm pbe syscall nx pdpe1gb rdtscp lm constant_tsc arch_perfmon pebs bts rep_good nopl xtopology nonstop_tsc aperfmperf eagerfpu pni pclmulqdq dtes64 monitor ds_cpl vmx est tm2 ssse3 sdbg fma cx16 xtpr pdcm pcid sse4_1 sse4_2 x2apic movbe popcnt tsc_deadline_timer aes xsave avx f16c rdrand lahf_lm abm 3dnowprefetch epb intel_pt tpr_shadow vnmi flexpriority ept vpid fsgsbase tsc_adjust bmi1 avx2 smep bmi2 erms invpcid rdseed adx smap xsaveopt dtherm ida arat pln pts
bugs		:
bogomips	: 1997.40
clflush size	: 64
cache_alignment	: 64
address sizes	: 39 bits physical, 48 bits virtual
power management:



Memory: 4k page, physical 7597308k(119332k free), swap 0k(0k free)

vm_info: Java HotSpot(TM) 64-Bit Server VM (25.60-b23) for linux-amd64 JRE (1.8.0_60-b27), built on Aug  4 2015 12:19:40 by "java_re" with gcc 4.3.0 20080428 (Red Hat 4.3.0-8)

time: Sun Mar 26 04:29:34 2017
elapsed time: 21 seconds (0d 0h 0m 21s)

